2011-01-19 14:37:40 Warning: Warning (512): <span style="color:Red;text-align:left"><b>SQL Error:</b> 1054: Unknown column 'Vaccine.vaccination_id' in 'on clause'</span> in [/var/www/vhosts/sinapsescopio.es/httpdocs/proyectoVacunas/cake/libs/model/datasources/dbo_source.php, line 684]
2011-01-19 14:38:21 Warning: Warning (512): <span style="color:Red;text-align:left"><b>SQL Error:</b> 1054: Unknown column 'Vaccine.vaccination_id' in 'on clause'</span> in [/var/www/vhosts/sinapsescopio.es/httpdocs/proyectoVacunas/cake/libs/model/datasources/dbo_source.php, line 684]
2011-01-19 14:42:03 Warning: Warning (512): <span style="color:Red;text-align:left"><b>SQL Error:</b> 1054: Unknown column 'Vaccine.vaccination_id' in 'on clause'</span> in [/var/www/vhosts/sinapsescopio.es/httpdocs/proyectoVacunas/cake/libs/model/datasources/dbo_source.php, line 684]
2011-01-19 14:42:56 Warning: Warning (512): <span style="color:Red;text-align:left"><b>SQL Error:</b> 1054: Unknown column 'Vaccine.vaccination_id' in 'on clause'</span> in [/var/www/vhosts/sinapsescopio.es/httpdocs/proyectoVacunas/cake/libs/model/datasources/dbo_source.php, line 684]
2011-01-19 14:43:14 Warning: Warning (512): <span style="color:Red;text-align:left"><b>SQL Error:</b> 1054: Unknown column 'Vaccine.vaccination_id' in 'on clause'</span> in [/var/www/vhosts/sinapsescopio.es/httpdocs/proyectoVacunas/cake/libs/model/datasources/dbo_source.php, line 684]
2011-01-19 15:26:18 Warning: Warning (512): <span style="color:Red;text-align:left"><b>SQL Error:</b> 1054: Unknown column 'Patient.vaccination_id' in 'on clause'</span> in [/var/www/vhosts/sinapsescopio.es/httpdocs/proyectoVacunas/cake/libs/model/datasources/dbo_source.php, line 684]
2011-01-19 15:26:18 Warning: Warning (2): Invalid argument supplied for foreach() in [/var/www/vhosts/sinapsescopio.es/httpdocs/proyectoVacunas/app/views/patients/index.ctp, line 18]
2011-01-19 15:26:42 Warning: Warning (512): Method FormHelper::date does not exist in [/var/www/vhosts/sinapsescopio.es/httpdocs/proyectoVacunas/cake/libs/view/helper.php, line 154]
2011-01-19 16:10:58 Warning: Warning (512): <span style="color:Red;text-align:left"><b>SQL Error:</b> 1048: Column 'patient_id' cannot be null</span> in [/var/www/vhosts/sinapsescopio.es/httpdocs/proyectoVacunas/cake/libs/model/datasources/dbo_source.php, line 684]
2011-01-19 16:11:31 Warning: Warning (512): <span style="color:Red;text-align:left"><b>SQL Error:</b> 1048: Column 'patient_id' cannot be null</span> in [/var/www/vhosts/sinapsescopio.es/httpdocs/proyectoVacunas/cake/libs/model/datasources/dbo_source.php, line 684]
2011-01-19 16:12:18 Warning: Warning (512): <span style="color:Red;text-align:left"><b>SQL Error:</b> 1048: Column 'patient_id' cannot be null</span> in [/var/www/vhosts/sinapsescopio.es/httpdocs/proyectoVacunas/cake/libs/model/datasources/dbo_source.php, line 684]
2011-01-19 16:12:27 Warning: Warning (512): <span style="color:Red;text-align:left"><b>SQL Error:</b> 1048: Column 'patient_id' cannot be null</span> in [/var/www/vhosts/sinapsescopio.es/httpdocs/proyectoVacunas/cake/libs/model/datasources/dbo_source.php, line 684]
2011-01-19 17:27:49 Warning: Warning (2): Missing argument 2 for VaccinationsController::add() in [/var/www/vhosts/sinapsescopio.es/httpdocs/proyectoVacunas/app/controllers/vaccinations_controller.php, line 29]
2011-01-19 17:30:44 Warning: Warning (2): Missing argument 2 for VaccinationsController::add() in [/var/www/vhosts/sinapsescopio.es/httpdocs/proyectoVacunas/app/controllers/vaccinations_controller.php, line 29]
2011-01-19 17:33:08 Warning: Warning (2): Missing argument 2 for VaccinationsController::add() in [/var/www/vhosts/sinapsescopio.es/httpdocs/proyectoVacunas/app/controllers/vaccinations_controller.php, line 29]
2011-01-19 17:37:28 Warning: Warning (2): Missing argument 2 for VaccinationsController::add() in [/var/www/vhosts/sinapsescopio.es/httpdocs/proyectoVacunas/app/controllers/vaccinations_controller.php, line 29]
2011-01-19 17:39:41 Warning: Warning (512): <span style="color:Red;text-align:left"><b>SQL Error:</b> 1054: Unknown column 'Vaccine.vaccination_id' in 'field list'</span> in [/var/www/vhosts/sinapsescopio.es/httpdocs/proyectoVacunas/cake/libs/model/datasources/dbo_source.php, line 684]
2011-01-19 17:39:41 Warning: Warning (2): Invalid argument supplied for foreach() in [/var/www/vhosts/sinapsescopio.es/httpdocs/proyectoVacunas/cake/libs/model/datasources/dbo_source.php, line 1098]
2011-01-19 17:39:41 Warning: Warning (512): <span style="color:Red;text-align:left"><b>SQL Error:</b> 1054: Unknown column 'Patient.vaccination_id' in 'field list'</span> in [/var/www/vhosts/sinapsescopio.es/httpdocs/proyectoVacunas/cake/libs/model/datasources/dbo_source.php, line 684]
2011-01-19 17:40:22 Warning: Warning (2): Missing argument 2 for VaccinationsController::add() in [/var/www/vhosts/sinapsescopio.es/httpdocs/proyectoVacunas/app/controllers/vaccinations_controller.php, line 29]
2011-01-19 17:43:43 Warning: Warning (2): Missing argument 2 for VaccinationsController::add() in [/var/www/vhosts/sinapsescopio.es/httpdocs/proyectoVacunas/app/controllers/vaccinations_controller.php, line 29]
2011-01-19 17:44:58 Warning: Warning (512): <span style="color:Red;text-align:left"><b>SQL Error:</b> 1054: Unknown column 'Vaccine.vaccination_id' in 'field list'</span> in [/var/www/vhosts/sinapsescopio.es/httpdocs/proyectoVacunas/cake/libs/model/datasources/dbo_source.php, line 684]
2011-01-19 17:44:58 Warning: Warning (2): Invalid argument supplied for foreach() in [/var/www/vhosts/sinapsescopio.es/httpdocs/proyectoVacunas/cake/libs/model/datasources/dbo_source.php, line 1098]
2011-01-19 17:44:58 Warning: Warning (512): <span style="color:Red;text-align:left"><b>SQL Error:</b> 1054: Unknown column 'Patient.vaccination_id' in 'field list'</span> in [/var/www/vhosts/sinapsescopio.es/httpdocs/proyectoVacunas/cake/libs/model/datasources/dbo_source.php, line 684]
2011-01-19 17:45:01 Warning: Warning (512): <span style="color:Red;text-align:left"><b>SQL Error:</b> 1054: Unknown column 'Vaccine.vaccination_id' in 'field list'</span> in [/var/www/vhosts/sinapsescopio.es/httpdocs/proyectoVacunas/cake/libs/model/datasources/dbo_source.php, line 684]
2011-01-19 17:45:01 Warning: Warning (2): Invalid argument supplied for foreach() in [/var/www/vhosts/sinapsescopio.es/httpdocs/proyectoVacunas/cake/libs/model/datasources/dbo_source.php, line 1098]
2011-01-19 17:45:01 Warning: Warning (512): <span style="color:Red;text-align:left"><b>SQL Error:</b> 1054: Unknown column 'Patient.vaccination_id' in 'field list'</span> in [/var/www/vhosts/sinapsescopio.es/httpdocs/proyectoVacunas/cake/libs/model/datasources/dbo_source.php, line 684]
2011-01-19 17:45:15 Warning: Warning (512): <span style="color:Red;text-align:left"><b>SQL Error:</b> 1054: Unknown column 'Vaccine.vaccination_id' in 'field list'</span> in [/var/www/vhosts/sinapsescopio.es/httpdocs/proyectoVacunas/cake/libs/model/datasources/dbo_source.php, line 684]
2011-01-19 17:45:15 Warning: Warning (2): Invalid argument supplied for foreach() in [/var/www/vhosts/sinapsescopio.es/httpdocs/proyectoVacunas/cake/libs/model/datasources/dbo_source.php, line 1098]
2011-01-19 17:45:15 Warning: Warning (512): <span style="color:Red;text-align:left"><b>SQL Error:</b> 1054: Unknown column 'Patient.vaccination_id' in 'field list'</span> in [/var/www/vhosts/sinapsescopio.es/httpdocs/proyectoVacunas/cake/libs/model/datasources/dbo_source.php, line 684]
2011-01-19 17:45:31 Warning: Warning (512): <span style="color:Red;text-align:left"><b>SQL Error:</b> 1054: Unknown column 'Vaccine.vaccination_id' in 'field list'</span> in [/var/www/vhosts/sinapsescopio.es/httpdocs/proyectoVacunas/cake/libs/model/datasources/dbo_source.php, line 684]
2011-01-19 17:45:31 Warning: Warning (2): Invalid argument supplied for foreach() in [/var/www/vhosts/sinapsescopio.es/httpdocs/proyectoVacunas/cake/libs/model/datasources/dbo_source.php, line 1098]
2011-01-19 17:45:31 Warning: Warning (512): <span style="color:Red;text-align:left"><b>SQL Error:</b> 1054: Unknown column 'Patient.vaccination_id' in 'field list'</span> in [/var/www/vhosts/sinapsescopio.es/httpdocs/proyectoVacunas/cake/libs/model/datasources/dbo_source.php, line 684]
2011-01-19 17:45:44 Warning: Warning (512): <span style="color:Red;text-align:left"><b>SQL Error:</b> 1054: Unknown column 'Vaccine.vaccination_id' in 'field list'</span> in [/var/www/vhosts/sinapsescopio.es/httpdocs/proyectoVacunas/cake/libs/model/datasources/dbo_source.php, line 684]
2011-01-19 17:45:44 Warning: Warning (2): Invalid argument supplied for foreach() in [/var/www/vhosts/sinapsescopio.es/httpdocs/proyectoVacunas/cake/libs/model/datasources/dbo_source.php, line 1098]
2011-01-19 17:45:44 Warning: Warning (512): <span style="color:Red;text-align:left"><b>SQL Error:</b> 1054: Unknown column 'Patient.vaccination_id' in 'field list'</span> in [/var/www/vhosts/sinapsescopio.es/httpdocs/proyectoVacunas/cake/libs/model/datasources/dbo_source.php, line 684]
2011-01-19 17:46:07 Warning: Warning (512): <span style="color:Red;text-align:left"><b>SQL Error:</b> 1054: Unknown column 'Vaccine.vaccination_id' in 'field list'</span> in [/var/www/vhosts/sinapsescopio.es/httpdocs/proyectoVacunas/cake/libs/model/datasources/dbo_source.php, line 684]
2011-01-19 17:46:07 Warning: Warning (2): Invalid argument supplied for foreach() in [/var/www/vhosts/sinapsescopio.es/httpdocs/proyectoVacunas/cake/libs/model/datasources/dbo_source.php, line 1098]
2011-01-19 17:46:07 Warning: Warning (512): <span style="color:Red;text-align:left"><b>SQL Error:</b> 1054: Unknown column 'Patient.vaccination_id' in 'field list'</span> in [/var/www/vhosts/sinapsescopio.es/httpdocs/proyectoVacunas/cake/libs/model/datasources/dbo_source.php, line 684]
2011-01-19 17:46:44 Warning: Warning (512): <span style="color:Red;text-align:left"><b>SQL Error:</b> 1054: Unknown column 'Vaccine.vaccination_id' in 'field list'</span> in [/var/www/vhosts/sinapsescopio.es/httpdocs/proyectoVacunas/cake/libs/model/datasources/dbo_source.php, line 684]
2011-01-19 17:46:44 Warning: Warning (2): Invalid argument supplied for foreach() in [/var/www/vhosts/sinapsescopio.es/httpdocs/proyectoVacunas/cake/libs/model/datasources/dbo_source.php, line 1098]
2011-01-19 17:46:44 Warning: Warning (512): <span style="color:Red;text-align:left"><b>SQL Error:</b> 1054: Unknown column 'Patient.vaccination_id' in 'field list'</span> in [/var/www/vhosts/sinapsescopio.es/httpdocs/proyectoVacunas/cake/libs/model/datasources/dbo_source.php, line 684]
2011-01-19 17:47:11 Warning: Warning (512): <span style="color:Red;text-align:left"><b>SQL Error:</b> 1054: Unknown column 'Vaccine.vaccination_id' in 'field list'</span> in [/var/www/vhosts/sinapsescopio.es/httpdocs/proyectoVacunas/cake/libs/model/datasources/dbo_source.php, line 684]
2011-01-19 17:47:11 Warning: Warning (2): Invalid argument supplied for foreach() in [/var/www/vhosts/sinapsescopio.es/httpdocs/proyectoVacunas/cake/libs/model/datasources/dbo_source.php, line 1098]
2011-01-19 17:47:11 Warning: Warning (512): <span style="color:Red;text-align:left"><b>SQL Error:</b> 1054: Unknown column 'Patient.vaccination_id' in 'field list'</span> in [/var/www/vhosts/sinapsescopio.es/httpdocs/proyectoVacunas/cake/libs/model/datasources/dbo_source.php, line 684]
2011-01-19 17:49:13 Warning: Warning (512): <span style="color:Red;text-align:left"><b>SQL Error:</b> 1054: Unknown column 'Vaccination.vaccine_patient.id' in 'field list'</span> in [/var/www/vhosts/sinapsescopio.es/httpdocs/proyectoVacunas/cake/libs/model/datasources/dbo_source.php, line 684]
2011-01-19 17:49:27 Warning: Warning (512): <span style="color:Red;text-align:left"><b>SQL Error:</b> 1054: Unknown column 'Vaccination.patient.id' in 'field list'</span> in [/var/www/vhosts/sinapsescopio.es/httpdocs/proyectoVacunas/cake/libs/model/datasources/dbo_source.php, line 684]
2011-01-19 17:49:40 Warning: Warning (512): <span style="color:Red;text-align:left"><b>SQL Error:</b> 1054: Unknown column 'Vaccine.vaccination_id' in 'field list'</span> in [/var/www/vhosts/sinapsescopio.es/httpdocs/proyectoVacunas/cake/libs/model/datasources/dbo_source.php, line 684]
2011-01-19 17:49:40 Warning: Warning (2): Invalid argument supplied for foreach() in [/var/www/vhosts/sinapsescopio.es/httpdocs/proyectoVacunas/cake/libs/model/datasources/dbo_source.php, line 1098]
2011-01-19 17:49:40 Warning: Warning (512): <span style="color:Red;text-align:left"><b>SQL Error:</b> 1054: Unknown column 'Patient.vaccination_id' in 'field list'</span> in [/var/www/vhosts/sinapsescopio.es/httpdocs/proyectoVacunas/cake/libs/model/datasources/dbo_source.php, line 684]
2011-01-19 17:50:54 Warning: Warning (512): <span style="color:Red;text-align:left"><b>SQL Error:</b> 1054: Unknown column 'Vaccine.vaccination_id' in 'field list'</span> in [/var/www/vhosts/sinapsescopio.es/httpdocs/proyectoVacunas/cake/libs/model/datasources/dbo_source.php, line 684]
2011-01-19 17:50:54 Warning: Warning (2): Invalid argument supplied for foreach() in [/var/www/vhosts/sinapsescopio.es/httpdocs/proyectoVacunas/cake/libs/model/datasources/dbo_source.php, line 1098]
2011-01-19 17:50:54 Warning: Warning (512): <span style="color:Red;text-align:left"><b>SQL Error:</b> 1054: Unknown column 'Patient.vaccination_id' in 'field list'</span> in [/var/www/vhosts/sinapsescopio.es/httpdocs/proyectoVacunas/cake/libs/model/datasources/dbo_source.php, line 684]
2011-01-19 17:50:56 Warning: Warning (512): <span style="color:Red;text-align:left"><b>SQL Error:</b> 1054: Unknown column 'Vaccine.vaccination_id' in 'field list'</span> in [/var/www/vhosts/sinapsescopio.es/httpdocs/proyectoVacunas/cake/libs/model/datasources/dbo_source.php, line 684]
2011-01-19 17:50:56 Warning: Warning (2): Invalid argument supplied for foreach() in [/var/www/vhosts/sinapsescopio.es/httpdocs/proyectoVacunas/cake/libs/model/datasources/dbo_source.php, line 1098]
2011-01-19 17:50:56 Warning: Warning (512): <span style="color:Red;text-align:left"><b>SQL Error:</b> 1054: Unknown column 'Patient.vaccination_id' in 'field list'</span> in [/var/www/vhosts/sinapsescopio.es/httpdocs/proyectoVacunas/cake/libs/model/datasources/dbo_source.php, line 684]
2011-01-19 17:51:30 Warning: Warning (512): <span style="color:Red;text-align:left"><b>SQL Error:</b> 1054: Unknown column 'Vaccine.vaccination_id' in 'field list'</span> in [/var/www/vhosts/sinapsescopio.es/httpdocs/proyectoVacunas/cake/libs/model/datasources/dbo_source.php, line 684]
2011-01-19 17:51:30 Warning: Warning (2): Invalid argument supplied for foreach() in [/var/www/vhosts/sinapsescopio.es/httpdocs/proyectoVacunas/cake/libs/model/datasources/dbo_source.php, line 1098]
2011-01-19 17:51:30 Warning: Warning (512): <span style="color:Red;text-align:left"><b>SQL Error:</b> 1054: Unknown column 'Patient.vaccination_id' in 'field list'</span> in [/var/www/vhosts/sinapsescopio.es/httpdocs/proyectoVacunas/cake/libs/model/datasources/dbo_source.php, line 684]
2011-01-19 17:52:19 Warning: Warning (512): <span style="color:Red;text-align:left"><b>SQL Error:</b> 1054: Unknown column 'Vaccine.vaccination_id' in 'field list'</span> in [/var/www/vhosts/sinapsescopio.es/httpdocs/proyectoVacunas/cake/libs/model/datasources/dbo_source.php, line 684]
2011-01-19 17:52:19 Warning: Warning (2): Invalid argument supplied for foreach() in [/var/www/vhosts/sinapsescopio.es/httpdocs/proyectoVacunas/cake/libs/model/datasources/dbo_source.php, line 1098]
2011-01-19 17:52:19 Warning: Warning (512): <span style="color:Red;text-align:left"><b>SQL Error:</b> 1054: Unknown column 'Patient.vaccination_id' in 'field list'</span> in [/var/www/vhosts/sinapsescopio.es/httpdocs/proyectoVacunas/cake/libs/model/datasources/dbo_source.php, line 684]
2011-01-19 17:53:58 Warning: Warning (2): Missing argument 2 for VaccinationsController::add() in [/var/www/vhosts/sinapsescopio.es/httpdocs/proyectoVacunas/app/controllers/vaccinations_controller.php, line 27]
2011-01-19 17:55:34 Warning: Warning (2): Missing argument 2 for VaccinationsController::add() in [/var/www/vhosts/sinapsescopio.es/httpdocs/proyectoVacunas/app/controllers/vaccinations_controller.php, line 27]
2011-01-19 17:55:34 Warning: Warning (512): <span style="color:Red;text-align:left"><b>SQL Error:</b> 1054: Unknown column 'Vaccine.vaccination_id' in 'field list'</span> in [/var/www/vhosts/sinapsescopio.es/httpdocs/proyectoVacunas/cake/libs/model/datasources/dbo_source.php, line 684]
2011-01-19 17:55:34 Warning: Warning (2): Invalid argument supplied for foreach() in [/var/www/vhosts/sinapsescopio.es/httpdocs/proyectoVacunas/cake/libs/model/datasources/dbo_source.php, line 1098]
2011-01-19 17:55:34 Warning: Warning (512): <span style="color:Red;text-align:left"><b>SQL Error:</b> 1054: Unknown column 'Patient.vaccination_id' in 'field list'</span> in [/var/www/vhosts/sinapsescopio.es/httpdocs/proyectoVacunas/cake/libs/model/datasources/dbo_source.php, line 684]
2011-01-19 17:56:46 Warning: Warning (512): <span style="color:Red;text-align:left"><b>SQL Error:</b> 1054: Unknown column 'Vaccine.vaccination_id' in 'field list'</span> in [/var/www/vhosts/sinapsescopio.es/httpdocs/proyectoVacunas/cake/libs/model/datasources/dbo_source.php, line 684]
2011-01-19 17:56:46 Warning: Warning (2): Invalid argument supplied for foreach() in [/var/www/vhosts/sinapsescopio.es/httpdocs/proyectoVacunas/cake/libs/model/datasources/dbo_source.php, line 1098]
2011-01-19 17:56:46 Warning: Warning (512): <span style="color:Red;text-align:left"><b>SQL Error:</b> 1054: Unknown column 'Patient.vaccination_id' in 'field list'</span> in [/var/www/vhosts/sinapsescopio.es/httpdocs/proyectoVacunas/cake/libs/model/datasources/dbo_source.php, line 684]
2011-01-19 18:00:17 Warning: Warning (512): <span style="color:Red;text-align:left"><b>SQL Error:</b> 1054: Unknown column 'Vaccine.vaccination_id' in 'field list'</span> in [/var/www/vhosts/sinapsescopio.es/httpdocs/proyectoVacunas/cake/libs/model/datasources/dbo_source.php, line 684]
2011-01-19 18:00:17 Warning: Warning (2): Invalid argument supplied for foreach() in [/var/www/vhosts/sinapsescopio.es/httpdocs/proyectoVacunas/cake/libs/model/datasources/dbo_source.php, line 1098]
2011-01-19 18:00:17 Warning: Warning (512): <span style="color:Red;text-align:left"><b>SQL Error:</b> 1054: Unknown column 'Patient.vaccination_id' in 'field list'</span> in [/var/www/vhosts/sinapsescopio.es/httpdocs/proyectoVacunas/cake/libs/model/datasources/dbo_source.php, line 684]
2011-01-19 18:29:52 Warning: Warning (512): <span style="color:Red;text-align:left"><b>SQL Error:</b> 1054: Unknown column 'Vaccine.vaccination_id' in 'field list'</span> in [/var/www/vhosts/sinapsescopio.es/httpdocs/proyectoVacunas/cake/libs/model/datasources/dbo_source.php, line 684]
2011-01-19 18:29:52 Warning: Warning (2): Invalid argument supplied for foreach() in [/var/www/vhosts/sinapsescopio.es/httpdocs/proyectoVacunas/cake/libs/model/datasources/dbo_source.php, line 1098]
2011-01-19 18:29:52 Warning: Warning (512): <span style="color:Red;text-align:left"><b>SQL Error:</b> 1054: Unknown column 'Patient.vaccination_id' in 'field list'</span> in [/var/www/vhosts/sinapsescopio.es/httpdocs/proyectoVacunas/cake/libs/model/datasources/dbo_source.php, line 684]
2011-01-19 18:31:34 Warning: Warning (512): <span style="color:Red;text-align:left"><b>SQL Error:</b> 1054: Unknown column 'Vaccine.vaccination_id' in 'field list'</span> in [/var/www/vhosts/sinapsescopio.es/httpdocs/proyectoVacunas/cake/libs/model/datasources/dbo_source.php, line 684]
2011-01-19 18:31:34 Warning: Warning (2): Invalid argument supplied for foreach() in [/var/www/vhosts/sinapsescopio.es/httpdocs/proyectoVacunas/cake/libs/model/datasources/dbo_source.php, line 1098]
2011-01-19 18:31:34 Warning: Warning (512): <span style="color:Red;text-align:left"><b>SQL Error:</b> 1054: Unknown column 'Patient.vaccination_id' in 'field list'</span> in [/var/www/vhosts/sinapsescopio.es/httpdocs/proyectoVacunas/cake/libs/model/datasources/dbo_source.php, line 684]
2011-01-19 18:31:37 Warning: Warning (512): <span style="color:Red;text-align:left"><b>SQL Error:</b> 1054: Unknown column 'Vaccine.vaccination_id' in 'field list'</span> in [/var/www/vhosts/sinapsescopio.es/httpdocs/proyectoVacunas/cake/libs/model/datasources/dbo_source.php, line 684]
2011-01-19 18:31:37 Warning: Warning (2): Invalid argument supplied for foreach() in [/var/www/vhosts/sinapsescopio.es/httpdocs/proyectoVacunas/cake/libs/model/datasources/dbo_source.php, line 1098]
2011-01-19 18:31:37 Warning: Warning (512): <span style="color:Red;text-align:left"><b>SQL Error:</b> 1054: Unknown column 'Patient.vaccination_id' in 'field list'</span> in [/var/www/vhosts/sinapsescopio.es/httpdocs/proyectoVacunas/cake/libs/model/datasources/dbo_source.php, line 684]
2011-01-19 18:32:03 Warning: Warning (512): <span style="color:Red;text-align:left"><b>SQL Error:</b> 1054: Unknown column 'Vaccine.vaccination_id' in 'field list'</span> in [/var/www/vhosts/sinapsescopio.es/httpdocs/proyectoVacunas/cake/libs/model/datasources/dbo_source.php, line 684]
2011-01-19 18:32:03 Warning: Warning (2): Invalid argument supplied for foreach() in [/var/www/vhosts/sinapsescopio.es/httpdocs/proyectoVacunas/cake/libs/model/datasources/dbo_source.php, line 1098]
2011-01-19 18:32:03 Warning: Warning (512): <span style="color:Red;text-align:left"><b>SQL Error:</b> 1054: Unknown column 'Patient.vaccination_id' in 'field list'</span> in [/var/www/vhosts/sinapsescopio.es/httpdocs/proyectoVacunas/cake/libs/model/datasources/dbo_source.php, line 684]
2011-01-19 18:32:40 Warning: Warning (512): <span style="color:Red;text-align:left"><b>SQL Error:</b> 1054: Unknown column 'Vaccine.vaccination_id' in 'field list'</span> in [/var/www/vhosts/sinapsescopio.es/httpdocs/proyectoVacunas/cake/libs/model/datasources/dbo_source.php, line 684]
2011-01-19 18:32:40 Warning: Warning (2): Invalid argument supplied for foreach() in [/var/www/vhosts/sinapsescopio.es/httpdocs/proyectoVacunas/cake/libs/model/datasources/dbo_source.php, line 1098]
2011-01-19 18:32:40 Warning: Warning (512): <span style="color:Red;text-align:left"><b>SQL Error:</b> 1054: Unknown column 'Patient.vaccination_id' in 'field list'</span> in [/var/www/vhosts/sinapsescopio.es/httpdocs/proyectoVacunas/cake/libs/model/datasources/dbo_source.php, line 684]
2011-01-19 18:37:26 Warning: Warning (512): <span style="color:Red;text-align:left"><b>SQL Error:</b> 1054: Unknown column 'Vaccination.vaccine_id' in 'field list'</span> in [/var/www/vhosts/sinapsescopio.es/httpdocs/proyectoVacunas/cake/libs/model/datasources/dbo_source.php, line 684]
2011-01-19 18:37:26 Warning: Warning (2): Invalid argument supplied for foreach() in [/var/www/vhosts/sinapsescopio.es/httpdocs/proyectoVacunas/app/views/vaccinations/report.ctp, line 31]
2011-01-19 23:03:08 Warning: Warning (512): <span style="color:Red;text-align:left"><b>SQL Error:</b> 1054: Unknown column 'Vaccine.id' in 'where clause'</span> in [/var/www/vhosts/sinapsescopio.es/httpdocs/proyectoVacunas/cake/libs/model/datasources/dbo_source.php, line 684]
2011-01-19 23:03:48 Warning: Warning (512): <span style="color:Red;text-align:left"><b>SQL Error:</b> 1054: Unknown column 'Vaccination.vaccione_id' in 'where clause'</span> in [/var/www/vhosts/sinapsescopio.es/httpdocs/proyectoVacunas/cake/libs/model/datasources/dbo_source.php, line 684]
2011-01-19 23:03:58 Warning: Warning (512): <span style="color:Red;text-align:left"><b>SQL Error:</b> 1054: Unknown column 'Vaccination.vaccine_id' in 'where clause'</span> in [/var/www/vhosts/sinapsescopio.es/httpdocs/proyectoVacunas/cake/libs/model/datasources/dbo_source.php, line 684]
2011-01-20 17:04:19 Warning: Warning (2): Missing argument 2 for VaccinationsController::add() in [/var/www/vhosts/sinapsescopio.es/httpdocs/proyectoVacunas/app/controllers/vaccinations_controller.php, line 27]
2011-01-20 17:07:12 Warning: Warning (2): Missing argument 2 for VaccinationsController::add() in [/var/www/vhosts/sinapsescopio.es/httpdocs/proyectoVacunas/app/controllers/vaccinations_controller.php, line 27]
2011-01-20 17:10:17 Warning: Warning (2): Missing argument 2 for VaccinationsController::add() in [/var/www/vhosts/sinapsescopio.es/httpdocs/proyectoVacunas/app/controllers/vaccinations_controller.php, line 27]
2011-01-20 17:24:19 Warning: Warning (512): <span style="color:Red;text-align:left"><b>SQL Error:</b> 1054: Unknown column 'Vaccine.id' in 'order clause'</span> in [/var/www/vhosts/sinapsescopio.es/httpdocs/proyectoVacunas/cake/libs/model/datasources/dbo_source.php, line 684]
2011-01-20 17:24:19 Warning: Warning (2): Invalid argument supplied for foreach() in [/var/www/vhosts/sinapsescopio.es/httpdocs/proyectoVacunas/app/views/situations/index.ctp, line 18]
2011-01-20 17:24:46 Warning: Warning (512): <span style="color:Red;text-align:left"><b>SQL Error:</b> 1054: Unknown column 'Vaccine.id' in 'order clause'</span> in [/var/www/vhosts/sinapsescopio.es/httpdocs/proyectoVacunas/cake/libs/model/datasources/dbo_source.php, line 684]
2011-01-20 17:24:46 Warning: Warning (2): Invalid argument supplied for foreach() in [/var/www/vhosts/sinapsescopio.es/httpdocs/proyectoVacunas/app/views/situations/index.ctp, line 18]
2011-01-20 17:25:51 Warning: Warning (2): Missing argument 2 for VaccinationsController::add() in [/var/www/vhosts/sinapsescopio.es/httpdocs/proyectoVacunas/app/controllers/vaccinations_controller.php, line 27]
2011-01-20 17:47:22 Warning: Warning (2): Missing argument 2 for VaccinationsController::add() in [/var/www/vhosts/sinapsescopio.es/httpdocs/proyectoVacunas/app/controllers/vaccinations_controller.php, line 27]
2011-01-20 17:47:30 Warning: Warning (512): <span style="color:Red;text-align:left"><b>SQL Error:</b> 1054: Unknown column 'Vaccination.aadultos_dosis' in 'where clause'</span> in [/var/www/vhosts/sinapsescopio.es/httpdocs/proyectoVacunas/cake/libs/model/datasources/dbo_source.php, line 684]
2011-01-20 17:47:30 Warning: Warning (2): Invalid argument supplied for foreach() in [/var/www/vhosts/sinapsescopio.es/httpdocs/proyectoVacunas/app/views/vaccinations/report.ctp, line 34]
2011-01-20 17:48:02 Warning: Warning (512): <span style="color:Red;text-align:left"><b>SQL Error:</b> 1054: Unknown column 'Vaccination.aadultos_dosis' in 'where clause'</span> in [/var/www/vhosts/sinapsescopio.es/httpdocs/proyectoVacunas/cake/libs/model/datasources/dbo_source.php, line 684]
2011-01-20 17:48:02 Warning: Warning (2): Invalid argument supplied for foreach() in [/var/www/vhosts/sinapsescopio.es/httpdocs/proyectoVacunas/app/views/vaccinations/report.ctp, line 34]
2011-01-20 17:48:18 Warning: Warning (512): <span style="color:Red;text-align:left"><b>SQL Error:</b> 1054: Unknown column 'Vaccination.aadultos_dosis' in 'where clause'</span> in [/var/www/vhosts/sinapsescopio.es/httpdocs/proyectoVacunas/cake/libs/model/datasources/dbo_source.php, line 684]
2011-01-20 17:48:18 Warning: Warning (2): Invalid argument supplied for foreach() in [/var/www/vhosts/sinapsescopio.es/httpdocs/proyectoVacunas/app/views/vaccinations/report.ctp, line 34]
2011-01-20 17:48:27 Warning: Warning (512): <span style="color:Red;text-align:left"><b>SQL Error:</b> 1054: Unknown column 'Vaccination.aadultos_dosis' in 'where clause'</span> in [/var/www/vhosts/sinapsescopio.es/httpdocs/proyectoVacunas/cake/libs/model/datasources/dbo_source.php, line 684]
2011-01-20 17:48:27 Warning: Warning (2): Invalid argument supplied for foreach() in [/var/www/vhosts/sinapsescopio.es/httpdocs/proyectoVacunas/app/views/vaccinations/report.ctp, line 34]
2011-01-20 17:48:56 Warning: Warning (512): <span style="color:Red;text-align:left"><b>SQL Error:</b> 1054: Unknown column 'Vaccination.aadultos_dosis' in 'where clause'</span> in [/var/www/vhosts/sinapsescopio.es/httpdocs/proyectoVacunas/cake/libs/model/datasources/dbo_source.php, line 684]
2011-01-20 17:48:56 Warning: Warning (2): Invalid argument supplied for foreach() in [/var/www/vhosts/sinapsescopio.es/httpdocs/proyectoVacunas/app/views/vaccinations/report.ctp, line 34]
2011-01-20 17:49:04 Warning: Warning (512): <span style="color:Red;text-align:left"><b>SQL Error:</b> 1054: Unknown column 'Vaccination.aadultos_dosis' in 'where clause'</span> in [/var/www/vhosts/sinapsescopio.es/httpdocs/proyectoVacunas/cake/libs/model/datasources/dbo_source.php, line 684]
2011-01-20 17:49:04 Warning: Warning (2): Invalid argument supplied for foreach() in [/var/www/vhosts/sinapsescopio.es/httpdocs/proyectoVacunas/app/views/vaccinations/report.ctp, line 34]
2011-01-20 17:49:15 Warning: Warning (512): <span style="color:Red;text-align:left"><b>SQL Error:</b> 1054: Unknown column 'Vaccination.aadultos_dosis' in 'where clause'</span> in [/var/www/vhosts/sinapsescopio.es/httpdocs/proyectoVacunas/cake/libs/model/datasources/dbo_source.php, line 684]
2011-01-20 17:49:15 Warning: Warning (2): Invalid argument supplied for foreach() in [/var/www/vhosts/sinapsescopio.es/httpdocs/proyectoVacunas/app/views/vaccinations/report.ctp, line 34]
2011-01-20 17:49:33 Warning: Warning (512): <span style="color:Red;text-align:left"><b>SQL Error:</b> 1054: Unknown column 'Vaccination.aadultos_dosis' in 'where clause'</span> in [/var/www/vhosts/sinapsescopio.es/httpdocs/proyectoVacunas/cake/libs/model/datasources/dbo_source.php, line 684]
2011-01-20 17:49:33 Warning: Warning (2): Invalid argument supplied for foreach() in [/var/www/vhosts/sinapsescopio.es/httpdocs/proyectoVacunas/app/views/vaccinations/report.ctp, line 34]
2011-01-20 18:16:07 Warning: Warning (2): Missing argument 2 for VaccinationsController::add() in [/var/www/vhosts/sinapsescopio.es/httpdocs/proyectoVacunas/app/controllers/vaccinations_controller.php, line 27]
2011-01-24 21:16:25 Warning: Warning (2): Missing argument 2 for VaccinationsController::add() in [/var/www/vhosts/sinapsescopio.es/httpdocs/proyectoVacunas/app/controllers/vaccinations_controller.php, line 27]
2011-01-24 21:27:47 Warning: Warning (2): array_merge() [<a href='http://php.net/function.array-merge'>function.array-merge</a>]: Argument #3 is not an array in [/var/www/vhosts/sinapsescopio.es/httpdocs/proyectoVacunas/cake/libs/view/helpers/form.php, line 716]
2011-01-31 15:32:04 Warning: Warning (2): Missing argument 2 for VaccinationsController::add() in [/var/www/vhosts/sinapsescopio.es/httpdocs/proyectoVacunas/app/controllers/vaccinations_controller.php, line 27]
2011-01-31 15:39:31 Warning: Warning (2): Missing argument 2 for VaccinationsController::add() in [/var/www/vhosts/sinapsescopio.es/httpdocs/proyectoVacunas/app/controllers/vaccinations_controller.php, line 27]
2011-01-31 15:43:06 Warning: Warning (2): Missing argument 2 for VaccinationsController::add() in [/var/www/vhosts/sinapsescopio.es/httpdocs/proyectoVacunas/app/controllers/vaccinations_controller.php, line 27]
2011-01-31 15:46:32 Warning: Warning (2): Missing argument 2 for VaccinationsController::add() in [/var/www/vhosts/sinapsescopio.es/httpdocs/proyectoVacunas/app/controllers/vaccinations_controller.php, line 27]
2011-01-31 15:57:04 Warning: Warning (2): Missing argument 2 for VaccinationsController::add() in [/var/www/vhosts/sinapsescopio.es/httpdocs/proyectoVacunas/app/controllers/vaccinations_controller.php, line 27]
2011-01-31 15:57:04 Warning: Warning (512): <span style="color:Red;text-align:left"><b>SQL Error:</b> 1048: Column 'fecha' cannot be null</span> in [/var/www/vhosts/sinapsescopio.es/httpdocs/proyectoVacunas/cake/libs/model/datasources/dbo_source.php, line 684]
2011-01-31 15:57:04 Warning: Warning (2): Cannot modify header information - headers already sent by (output started at /var/www/vhosts/sinapsescopio.es/httpdocs/proyectoVacunas/cake/libs/debugger.php:673) in [/var/www/vhosts/sinapsescopio.es/httpdocs/proyectoVacunas/cake/libs/controller/controller.php, line 746]
2011-01-31 15:57:26 Warning: Warning (2): Missing argument 2 for VaccinationsController::add() in [/var/www/vhosts/sinapsescopio.es/httpdocs/proyectoVacunas/app/controllers/vaccinations_controller.php, line 27]
2011-02-01 14:23:42 Warning: Warning (2): Missing argument 2 for VaccinationsController::add() in [/var/www/vhosts/sinapsescopio.es/httpdocs/proyectoVacunas/app/controllers/vaccinations_controller.php, line 27]
2011-02-01 14:27:19 Warning: Warning (2): Missing argument 2 for VaccinationsController::add() in [/var/www/vhosts/sinapsescopio.es/httpdocs/proyectoVacunas/app/controllers/vaccinations_controller.php, line 27]
2011-02-01 14:29:21 Warning: Warning (2): preg_match() [<a href='http://php.net/function.preg-match'>function.preg-match</a>]: Delimiter must not be alphanumeric or backslash in [/var/www/vhosts/sinapsescopio.es/httpdocs/proyectoVacunas/cake/libs/model/model.php, line 2611]
2011-02-01 14:29:21 Warning: Warning (2): Cannot modify header information - headers already sent by (output started at /var/www/vhosts/sinapsescopio.es/httpdocs/proyectoVacunas/cake/libs/debugger.php:673) in [/var/www/vhosts/sinapsescopio.es/httpdocs/proyectoVacunas/cake/libs/controller/controller.php, line 746]
2011-02-01 14:29:44 Warning: Warning (2): preg_match() [<a href='http://php.net/function.preg-match'>function.preg-match</a>]: Delimiter must not be alphanumeric or backslash in [/var/www/vhosts/sinapsescopio.es/httpdocs/proyectoVacunas/cake/libs/model/model.php, line 2611]
2011-02-01 14:29:44 Warning: Warning (2): Cannot modify header information - headers already sent by (output started at /var/www/vhosts/sinapsescopio.es/httpdocs/proyectoVacunas/cake/libs/debugger.php:673) in [/var/www/vhosts/sinapsescopio.es/httpdocs/proyectoVacunas/cake/libs/controller/controller.php, line 746]
2011-02-01 18:05:02 Warning: Warning (2): Division by zero in [/var/www/vhosts/sinapsescopio.es/httpdocs/proyectoVacunas/app/vendors/tcpdf/tcpdf.php, line 19915]
2011-02-01 18:05:03 Warning: Warning (2): array_fill() [<a href='http://php.net/function.array-fill'>function.array-fill</a>]: Number of elements must be positive in [/var/www/vhosts/sinapsescopio.es/httpdocs/proyectoVacunas/app/vendors/tcpdf/tcpdf.php, line 19917]
2011-02-02 18:07:25 Warning: Warning (2): Invalid argument supplied for foreach() in [/var/www/vhosts/sinapsescopio.es/httpdocs/proyectoVacunas/app/vendors/tcpdf/tcpdf.php, line 21245]
2011-02-02 18:07:25 Warning: Warning (2): Invalid argument supplied for foreach() in [/var/www/vhosts/sinapsescopio.es/httpdocs/proyectoVacunas/app/vendors/tcpdf/tcpdf.php, line 21275]
2011-02-02 18:08:44 Warning: Warning (2): Invalid argument supplied for foreach() in [/var/www/vhosts/sinapsescopio.es/httpdocs/proyectoVacunas/app/vendors/tcpdf/tcpdf.php, line 21245]
2011-02-02 18:08:44 Warning: Warning (2): Invalid argument supplied for foreach() in [/var/www/vhosts/sinapsescopio.es/httpdocs/proyectoVacunas/app/vendors/tcpdf/tcpdf.php, line 21275]
2011-02-02 18:08:55 Warning: Warning (2): Invalid argument supplied for foreach() in [/var/www/vhosts/sinapsescopio.es/httpdocs/proyectoVacunas/app/vendors/tcpdf/tcpdf.php, line 21245]
2011-02-02 18:08:55 Warning: Warning (2): Invalid argument supplied for foreach() in [/var/www/vhosts/sinapsescopio.es/httpdocs/proyectoVacunas/app/vendors/tcpdf/tcpdf.php, line 21275]
2011-02-02 18:09:12 Warning: Warning (2): Invalid argument supplied for foreach() in [/var/www/vhosts/sinapsescopio.es/httpdocs/proyectoVacunas/app/vendors/tcpdf/tcpdf.php, line 21245]
2011-02-02 18:09:12 Warning: Warning (2): Invalid argument supplied for foreach() in [/var/www/vhosts/sinapsescopio.es/httpdocs/proyectoVacunas/app/vendors/tcpdf/tcpdf.php, line 21275]
2011-02-02 18:10:13 Warning: Warning (2): Invalid argument supplied for foreach() in [/var/www/vhosts/sinapsescopio.es/httpdocs/proyectoVacunas/app/vendors/tcpdf/tcpdf.php, line 21245]
2011-02-02 18:10:13 Warning: Warning (2): Invalid argument supplied for foreach() in [/var/www/vhosts/sinapsescopio.es/httpdocs/proyectoVacunas/app/vendors/tcpdf/tcpdf.php, line 21275]
2011-02-02 18:19:14 Warning: Warning (2): array_push() [<a href='http://php.net/function.array-push'>function.array-push</a>]: First argument should be an array in [/var/www/vhosts/sinapsescopio.es/httpdocs/proyectoVacunas/app/vendors/tcpdf/tcpdf.php, line 18913]
2011-02-02 18:20:22 Warning: Warning (2): Division by zero in [/var/www/vhosts/sinapsescopio.es/httpdocs/proyectoVacunas/app/vendors/tcpdf/tcpdf.php, line 19915]
2011-02-02 18:20:22 Warning: Warning (2): array_fill() [<a href='http://php.net/function.array-fill'>function.array-fill</a>]: Number of elements must be positive in [/var/www/vhosts/sinapsescopio.es/httpdocs/proyectoVacunas/app/vendors/tcpdf/tcpdf.php, line 19917]
2011-02-02 18:20:22 Warning: Warning (2): array_push() [<a href='http://php.net/function.array-push'>function.array-push</a>]: First argument should be an array in [/var/www/vhosts/sinapsescopio.es/httpdocs/proyectoVacunas/app/vendors/tcpdf/tcpdf.php, line 18913]
2011-02-02 18:20:22 Warning: Warning (2): Invalid argument supplied for foreach() in [/var/www/vhosts/sinapsescopio.es/httpdocs/proyectoVacunas/app/vendors/tcpdf/tcpdf.php, line 21245]
2011-02-02 18:20:22 Warning: Warning (2): Invalid argument supplied for foreach() in [/var/www/vhosts/sinapsescopio.es/httpdocs/proyectoVacunas/app/vendors/tcpdf/tcpdf.php, line 21275]
2011-02-02 18:21:37 Warning: Warning (2): Division by zero in [/var/www/vhosts/sinapsescopio.es/httpdocs/proyectoVacunas/app/vendors/tcpdf/tcpdf.php, line 19915]
2011-02-02 18:21:37 Warning: Warning (2): array_fill() [<a href='http://php.net/function.array-fill'>function.array-fill</a>]: Number of elements must be positive in [/var/www/vhosts/sinapsescopio.es/httpdocs/proyectoVacunas/app/vendors/tcpdf/tcpdf.php, line 19917]
2011-02-02 18:21:37 Warning: Warning (2): array_push() [<a href='http://php.net/function.array-push'>function.array-push</a>]: First argument should be an array in [/var/www/vhosts/sinapsescopio.es/httpdocs/proyectoVacunas/app/vendors/tcpdf/tcpdf.php, line 20057]
2011-02-02 18:21:38 Warning: Warning (2): array_push() [<a href='http://php.net/function.array-push'>function.array-push</a>]: First argument should be an array in [/var/www/vhosts/sinapsescopio.es/httpdocs/proyectoVacunas/app/vendors/tcpdf/tcpdf.php, line 18913]
2011-02-02 18:21:38 Warning: Warning (2): Invalid argument supplied for foreach() in [/var/www/vhosts/sinapsescopio.es/httpdocs/proyectoVacunas/app/vendors/tcpdf/tcpdf.php, line 21245]
2011-02-02 18:21:38 Warning: Warning (2): Invalid argument supplied for foreach() in [/var/www/vhosts/sinapsescopio.es/httpdocs/proyectoVacunas/app/vendors/tcpdf/tcpdf.php, line 21275]
2011-02-02 18:22:05 Warning: Warning (2): Division by zero in [/var/www/vhosts/sinapsescopio.es/httpdocs/proyectoVacunas/app/vendors/tcpdf/tcpdf.php, line 19915]
2011-02-02 18:22:05 Warning: Warning (2): array_fill() [<a href='http://php.net/function.array-fill'>function.array-fill</a>]: Number of elements must be positive in [/var/www/vhosts/sinapsescopio.es/httpdocs/proyectoVacunas/app/vendors/tcpdf/tcpdf.php, line 19917]
2011-02-02 18:22:05 Warning: Warning (2): array_push() [<a href='http://php.net/function.array-push'>function.array-push</a>]: First argument should be an array in [/var/www/vhosts/sinapsescopio.es/httpdocs/proyectoVacunas/app/vendors/tcpdf/tcpdf.php, line 20057]
2011-02-02 18:22:05 Warning: Warning (2): array_push() [<a href='http://php.net/function.array-push'>function.array-push</a>]: First argument should be an array in [/var/www/vhosts/sinapsescopio.es/httpdocs/proyectoVacunas/app/vendors/tcpdf/tcpdf.php, line 18913]
2011-02-02 18:22:05 Warning: Warning (2): Invalid argument supplied for foreach() in [/var/www/vhosts/sinapsescopio.es/httpdocs/proyectoVacunas/app/vendors/tcpdf/tcpdf.php, line 21245]
2011-02-02 18:22:05 Warning: Warning (2): Invalid argument supplied for foreach() in [/var/www/vhosts/sinapsescopio.es/httpdocs/proyectoVacunas/app/vendors/tcpdf/tcpdf.php, line 21275]
2011-02-02 18:32:25 Warning: Warning (2): array_push() [<a href='http://php.net/function.array-push'>function.array-push</a>]: First argument should be an array in [/var/www/vhosts/sinapsescopio.es/httpdocs/proyectoVacunas/app/vendors/tcpdf/tcpdf.php, line 18913]
2011-02-02 18:32:26 Warning: Warning (2): array_push() [<a href='http://php.net/function.array-push'>function.array-push</a>]: First argument should be an array in [/var/www/vhosts/sinapsescopio.es/httpdocs/proyectoVacunas/app/vendors/tcpdf/tcpdf.php, line 20055]
2011-02-02 18:32:26 Warning: Warning (2): Invalid argument supplied for foreach() in [/var/www/vhosts/sinapsescopio.es/httpdocs/proyectoVacunas/app/vendors/tcpdf/tcpdf.php, line 21245]
2011-02-02 18:32:26 Warning: Warning (2): Invalid argument supplied for foreach() in [/var/www/vhosts/sinapsescopio.es/httpdocs/proyectoVacunas/app/vendors/tcpdf/tcpdf.php, line 21275]
2011-02-03 15:18:14 Warning: Warning (2): preg_match_all() expects parameter 2 to be string, array given in [/var/www/vhosts/sinapsescopio.es/httpdocs/proyectoVacunas/app/vendors/tcpdf/tcpdf.php, line 18241]
2011-02-03 15:18:14 Warning: Warning (2): preg_match_all() expects parameter 2 to be string, array given in [/var/www/vhosts/sinapsescopio.es/httpdocs/proyectoVacunas/app/vendors/tcpdf/tcpdf.php, line 18249]
2011-02-03 15:18:14 Warning: Warning (2): preg_match_all() expects parameter 2 to be string, array given in [/var/www/vhosts/sinapsescopio.es/httpdocs/proyectoVacunas/app/vendors/tcpdf/tcpdf.php, line 18270]
2011-02-04 12:23:24 Warning: Warning (2): Invalid argument supplied for foreach() in [/var/www/vhosts/sinapsescopio.es/httpdocs/proyectoVacunas/app/views/vaccinations/pdf.ctp, line 63]
2011-02-08 12:40:44 Warning: Warning (2): Missing argument 2 for VaccinationsController::add() in [/var/www/vhosts/sinapsescopio.es/httpdocs/proyectoVacunas/app/controllers/vaccinations_controller.php, line 27]
2011-02-08 15:01:37 Warning: Warning (2): Missing argument 2 for VaccinationsController::add() in [/var/www/vhosts/sinapsescopio.es/httpdocs/proyectoVacunas/app/controllers/vaccinations_controller.php, line 27]
2011-02-21 12:39:09 Warning: Warning (2): Missing argument 2 for VaccinationsController::add() in [/var/www/vhosts/sinapsescopio.es/httpdocs/proyectoVacunas/app/controllers/vaccinations_controller.php, line 27]
2011-02-21 13:03:37 Warning: Warning (512): Method HtmlHelper::javascript does not exist in [/var/www/vhosts/sinapsescopio.es/httpdocs/proyectoVacunas/cake/libs/view/helper.php, line 154]
2011-02-21 13:04:38 Warning: Warning (512): Method HtmlHelper::js does not exist in [/var/www/vhosts/sinapsescopio.es/httpdocs/proyectoVacunas/cake/libs/view/helper.php, line 154]
2011-02-21 14:33:20 Warning: Warning (2): Missing argument 2 for VaccinationsController::add() in [/var/www/vhosts/sinapsescopio.es/httpdocs/proyectoVacunas/app/controllers/vaccinations_controller.php, line 30]
2011-02-21 14:33:20 Warning: Warning (2): Missing argument 2 for VaccinationsController::add() in [/var/www/vhosts/sinapsescopio.es/httpdocs/proyectoVacunas/app/controllers/vaccinations_controller.php, line 30]
2011-02-21 14:33:55 Warning: Warning (2): Missing argument 2 for VaccinationsController::add() in [/var/www/vhosts/sinapsescopio.es/httpdocs/proyectoVacunas/app/controllers/vaccinations_controller.php, line 30]
2011-02-21 14:40:01 Warning: Warning (2): Missing argument 2 for VaccinationsController::add() in [/var/www/vhosts/sinapsescopio.es/httpdocs/proyectoVacunas/app/controllers/vaccinations_controller.php, line 30]
2011-02-21 14:40:38 Warning: Warning (2): Missing argument 2 for VaccinationsController::add() in [/var/www/vhosts/sinapsescopio.es/httpdocs/proyectoVacunas/app/controllers/vaccinations_controller.php, line 30]
2011-02-21 14:43:13 Warning: Warning (2): Missing argument 2 for VaccinationsController::add() in [/var/www/vhosts/sinapsescopio.es/httpdocs/proyectoVacunas/app/controllers/vaccinations_controller.php, line 30]
2011-02-21 14:46:35 Warning: Warning (2): Missing argument 2 for VaccinationsController::add() in [/var/www/vhosts/sinapsescopio.es/httpdocs/proyectoVacunas/app/controllers/vaccinations_controller.php, line 30]
2011-02-21 14:46:48 Warning: Warning (2): Missing argument 2 for VaccinationsController::add() in [/var/www/vhosts/sinapsescopio.es/httpdocs/proyectoVacunas/app/controllers/vaccinations_controller.php, line 30]
2011-02-21 14:49:52 Warning: Warning (2): Missing argument 2 for VaccinationsController::add() in [/var/www/vhosts/sinapsescopio.es/httpdocs/proyectoVacunas/app/controllers/vaccinations_controller.php, line 30]
2011-02-21 14:51:35 Warning: Warning (2): Missing argument 2 for VaccinationsController::add() in [/var/www/vhosts/sinapsescopio.es/httpdocs/proyectoVacunas/app/controllers/vaccinations_controller.php, line 30]
2011-02-21 14:52:29 Warning: Warning (2): Missing argument 2 for VaccinationsController::add() in [/var/www/vhosts/sinapsescopio.es/httpdocs/proyectoVacunas/app/controllers/vaccinations_controller.php, line 30]
2011-02-21 14:53:18 Warning: Warning (2): Missing argument 2 for VaccinationsController::add() in [/var/www/vhosts/sinapsescopio.es/httpdocs/proyectoVacunas/app/controllers/vaccinations_controller.php, line 30]
2011-02-21 14:53:51 Warning: Warning (2): Missing argument 2 for VaccinationsController::add() in [/var/www/vhosts/sinapsescopio.es/httpdocs/proyectoVacunas/app/controllers/vaccinations_controller.php, line 30]
2011-02-21 14:53:55 Warning: Warning (2): Missing argument 2 for VaccinationsController::add() in [/var/www/vhosts/sinapsescopio.es/httpdocs/proyectoVacunas/app/controllers/vaccinations_controller.php, line 30]
2011-02-21 14:54:05 Warning: Warning (2): Missing argument 2 for VaccinationsController::add() in [/var/www/vhosts/sinapsescopio.es/httpdocs/proyectoVacunas/app/controllers/vaccinations_controller.php, line 30]
2011-02-21 14:54:59 Warning: Warning (2): Missing argument 2 for VaccinationsController::add() in [/var/www/vhosts/sinapsescopio.es/httpdocs/proyectoVacunas/app/controllers/vaccinations_controller.php, line 30]
2011-02-21 14:56:49 Warning: Warning (2): Missing argument 2 for VaccinationsController::add() in [/var/www/vhosts/sinapsescopio.es/httpdocs/proyectoVacunas/app/controllers/vaccinations_controller.php, line 30]
2011-02-21 14:57:08 Warning: Warning (2): Missing argument 2 for VaccinationsController::add() in [/var/www/vhosts/sinapsescopio.es/httpdocs/proyectoVacunas/app/controllers/vaccinations_controller.php, line 30]
2011-02-21 15:07:26 Warning: Warning (512): <span style="color:Red;text-align:left"><b>SQL Error:</b> 1054: Unknown column 'conditions' in 'where clause'</span> in [/var/www/vhosts/sinapsescopio.es/httpdocs/proyectoVacunas/cake/libs/model/datasources/dbo_source.php, line 684]
2011-02-21 15:07:33 Warning: Warning (512): <span style="color:Red;text-align:left"><b>SQL Error:</b> 1054: Unknown column 'conditions' in 'where clause'</span> in [/var/www/vhosts/sinapsescopio.es/httpdocs/proyectoVacunas/cake/libs/model/datasources/dbo_source.php, line 684]
2011-02-21 15:10:34 Warning: Warning (2): Missing argument 2 for VaccinationsController::add() in [/var/www/vhosts/sinapsescopio.es/httpdocs/proyectoVacunas/app/controllers/vaccinations_controller.php, line 30]
2011-02-21 15:11:34 Warning: Warning (2): Missing argument 2 for VaccinationsController::add() in [/var/www/vhosts/sinapsescopio.es/httpdocs/proyectoVacunas/app/controllers/vaccinations_controller.php, line 30]
2011-02-21 15:12:31 Warning: Warning (2): Missing argument 2 for VaccinationsController::add() in [/var/www/vhosts/sinapsescopio.es/httpdocs/proyectoVacunas/app/controllers/vaccinations_controller.php, line 30]
2011-02-21 15:12:41 Warning: Warning (2): Missing argument 2 for VaccinationsController::add() in [/var/www/vhosts/sinapsescopio.es/httpdocs/proyectoVacunas/app/controllers/vaccinations_controller.php, line 30]
2011-02-21 15:12:41 Warning: Warning (2): Missing argument 2 for VaccinationsController::add() in [/var/www/vhosts/sinapsescopio.es/httpdocs/proyectoVacunas/app/controllers/vaccinations_controller.php, line 30]
2011-02-21 15:12:54 Warning: Warning (2): Missing argument 2 for VaccinationsController::add() in [/var/www/vhosts/sinapsescopio.es/httpdocs/proyectoVacunas/app/controllers/vaccinations_controller.php, line 30]
2011-02-21 15:13:20 Warning: Warning (2): Missing argument 2 for VaccinationsController::add() in [/var/www/vhosts/sinapsescopio.es/httpdocs/proyectoVacunas/app/controllers/vaccinations_controller.php, line 30]
2011-02-21 15:18:52 Warning: Warning (2): Missing argument 2 for VaccinationsController::add() in [/var/www/vhosts/sinapsescopio.es/httpdocs/proyectoVacunas/app/controllers/vaccinations_controller.php, line 30]
2011-02-21 15:19:16 Warning: Warning (2): Missing argument 2 for VaccinationsController::add() in [/var/www/vhosts/sinapsescopio.es/httpdocs/proyectoVacunas/app/controllers/vaccinations_controller.php, line 30]
2011-02-21 15:21:58 Warning: Warning (2): Missing argument 2 for VaccinationsController::add() in [/var/www/vhosts/sinapsescopio.es/httpdocs/proyectoVacunas/app/controllers/vaccinations_controller.php, line 30]
2011-02-21 15:26:56 Warning: Warning (2): Missing argument 2 for VaccinationsController::add() in [/var/www/vhosts/sinapsescopio.es/httpdocs/proyectoVacunas/app/controllers/vaccinations_controller.php, line 30]
2011-02-21 15:27:54 Warning: Warning (2): Missing argument 2 for VaccinationsController::add() in [/var/www/vhosts/sinapsescopio.es/httpdocs/proyectoVacunas/app/controllers/vaccinations_controller.php, line 30]
2011-02-21 15:29:36 Warning: Warning (2): Missing argument 2 for VaccinationsController::add() in [/var/www/vhosts/sinapsescopio.es/httpdocs/proyectoVacunas/app/controllers/vaccinations_controller.php, line 30]
2011-02-21 15:29:48 Warning: Warning (2): Missing argument 2 for VaccinationsController::add() in [/var/www/vhosts/sinapsescopio.es/httpdocs/proyectoVacunas/app/controllers/vaccinations_controller.php, line 30]
2011-02-21 15:29:55 Warning: Warning (2): Missing argument 2 for VaccinationsController::add() in [/var/www/vhosts/sinapsescopio.es/httpdocs/proyectoVacunas/app/controllers/vaccinations_controller.php, line 30]
2011-02-21 15:30:56 Warning: Warning (2): Missing argument 2 for VaccinationsController::add() in [/var/www/vhosts/sinapsescopio.es/httpdocs/proyectoVacunas/app/controllers/vaccinations_controller.php, line 30]
2011-02-21 15:31:31 Warning: Warning (2): Missing argument 2 for VaccinationsController::add() in [/var/www/vhosts/sinapsescopio.es/httpdocs/proyectoVacunas/app/controllers/vaccinations_controller.php, line 30]
2011-02-21 15:31:41 Warning: Warning (2): Missing argument 2 for VaccinationsController::add() in [/var/www/vhosts/sinapsescopio.es/httpdocs/proyectoVacunas/app/controllers/vaccinations_controller.php, line 30]
2011-02-21 15:33:31 Warning: Warning (2): Missing argument 2 for VaccinationsController::add() in [/var/www/vhosts/sinapsescopio.es/httpdocs/proyectoVacunas/app/controllers/vaccinations_controller.php, line 30]
2011-02-21 15:37:20 Warning: Warning (2): Missing argument 2 for VaccinationsController::add() in [/var/www/vhosts/sinapsescopio.es/httpdocs/proyectoVacunas/app/controllers/vaccinations_controller.php, line 30]
2011-02-21 15:37:44 Warning: Warning (2): Missing argument 2 for VaccinationsController::add() in [/var/www/vhosts/sinapsescopio.es/httpdocs/proyectoVacunas/app/controllers/vaccinations_controller.php, line 30]
2011-02-21 15:38:44 Warning: Warning (2): Missing argument 2 for VaccinationsController::add() in [/var/www/vhosts/sinapsescopio.es/httpdocs/proyectoVacunas/app/controllers/vaccinations_controller.php, line 30]
2011-02-21 15:43:15 Warning: Warning (2): Missing argument 2 for VaccinationsController::add() in [/var/www/vhosts/sinapsescopio.es/httpdocs/proyectoVacunas/app/controllers/vaccinations_controller.php, line 30]
2011-02-21 15:43:33 Warning: Warning (2): Missing argument 2 for VaccinationsController::add() in [/var/www/vhosts/sinapsescopio.es/httpdocs/proyectoVacunas/app/controllers/vaccinations_controller.php, line 30]
2011-02-21 15:45:53 Warning: Warning (2): Missing argument 2 for VaccinationsController::add() in [/var/www/vhosts/sinapsescopio.es/httpdocs/proyectoVacunas/app/controllers/vaccinations_controller.php, line 30]
2011-02-21 15:54:47 Warning: Warning (2): Division by zero in [/var/www/vhosts/sinapsescopio.es/httpdocs/proyectoVacunas/app/views/patients/add.ctp, line 33]
2011-02-21 15:54:51 Warning: Warning (2): Missing argument 2 for VaccinationsController::add() in [/var/www/vhosts/sinapsescopio.es/httpdocs/proyectoVacunas/app/controllers/vaccinations_controller.php, line 30]
2011-02-21 15:59:10 Warning: Warning (2): Missing argument 2 for VaccinationsController::add() in [/var/www/vhosts/sinapsescopio.es/httpdocs/proyectoVacunas/app/controllers/vaccinations_controller.php, line 30]
2011-02-21 16:13:36 Warning: Warning (2): Missing argument 2 for VaccinationsController::add() in [/var/www/vhosts/sinapsescopio.es/httpdocs/proyectoVacunas/app/controllers/vaccinations_controller.php, line 30]
2011-02-21 17:03:45 Warning: Warning (2): Missing argument 2 for VaccinationsController::add() in [/var/www/vhosts/sinapsescopio.es/httpdocs/proyectoVacunas/app/controllers/vaccinations_controller.php, line 30]
2011-02-21 17:03:47 Warning: Warning (2): Missing argument 2 for VaccinationsController::add() in [/var/www/vhosts/sinapsescopio.es/httpdocs/proyectoVacunas/app/controllers/vaccinations_controller.php, line 30]
2011-02-21 17:12:29 Warning: Warning (2): Missing argument 2 for VaccinationsController::add() in [/var/www/vhosts/sinapsescopio.es/httpdocs/proyectoVacunas/app/controllers/vaccinations_controller.php, line 30]
2011-02-21 17:25:21 Warning: Warning (2): Missing argument 2 for VaccinationsController::add() in [/var/www/vhosts/sinapsescopio.es/httpdocs/proyectoVacunas/app/controllers/vaccinations_controller.php, line 30]
2011-02-21 17:25:47 Warning: Warning (2): Missing argument 2 for VaccinationsController::add() in [/var/www/vhosts/sinapsescopio.es/httpdocs/proyectoVacunas/app/controllers/vaccinations_controller.php, line 30]
2011-02-21 17:25:53 Warning: Warning (2): Missing argument 2 for VaccinationsController::add() in [/var/www/vhosts/sinapsescopio.es/httpdocs/proyectoVacunas/app/controllers/vaccinations_controller.php, line 30]
2011-02-23 14:38:30 Warning: Warning (2): Missing argument 2 for VaccinationsController::add() in [/var/www/vhosts/sinapsescopio.es/httpdocs/proyectoVacunas/app/controllers/vaccinations_controller.php, line 30]
2011-02-23 14:41:18 Warning: Warning (2): Missing argument 2 for VaccinationsController::add() in [/var/www/vhosts/sinapsescopio.es/httpdocs/proyectoVacunas/app/controllers/vaccinations_controller.php, line 30]
2011-02-23 18:10:35 Warning: Warning (2): implode() [<a href='http://php.net/function.implode'>function.implode</a>]: Bad arguments. in [/var/www/vhosts/sinapsescopio.es/httpdocs/proyectoVacunas/app/controllers/vaccinations_controller.php, line 84]
2011-02-23 18:10:35 Warning: Warning (2): implode() [<a href='http://php.net/function.implode'>function.implode</a>]: Bad arguments. in [/var/www/vhosts/sinapsescopio.es/httpdocs/proyectoVacunas/app/controllers/vaccinations_controller.php, line 86]
2011-02-23 18:13:59 Warning: Warning (2): implode() [<a href='http://php.net/function.implode'>function.implode</a>]: Bad arguments. in [/var/www/vhosts/sinapsescopio.es/httpdocs/proyectoVacunas/app/controllers/vaccinations_controller.php, line 84]
2011-02-23 18:13:59 Warning: Warning (2): implode() [<a href='http://php.net/function.implode'>function.implode</a>]: Bad arguments. in [/var/www/vhosts/sinapsescopio.es/httpdocs/proyectoVacunas/app/controllers/vaccinations_controller.php, line 86]
2011-02-23 18:15:55 Warning: Warning (2): implode() [<a href='http://php.net/function.implode'>function.implode</a>]: Bad arguments. in [/var/www/vhosts/sinapsescopio.es/httpdocs/proyectoVacunas/app/controllers/vaccinations_controller.php, line 88]
2011-02-23 18:15:55 Warning: Warning (2): implode() [<a href='http://php.net/function.implode'>function.implode</a>]: Bad arguments. in [/var/www/vhosts/sinapsescopio.es/httpdocs/proyectoVacunas/app/controllers/vaccinations_controller.php, line 90]
2011-02-23 18:16:46 Warning: Warning (2): implode() [<a href='http://php.net/function.implode'>function.implode</a>]: Bad arguments. in [/var/www/vhosts/sinapsescopio.es/httpdocs/proyectoVacunas/app/controllers/vaccinations_controller.php, line 88]
2011-02-23 18:16:46 Warning: Warning (2): implode() [<a href='http://php.net/function.implode'>function.implode</a>]: Bad arguments. in [/var/www/vhosts/sinapsescopio.es/httpdocs/proyectoVacunas/app/controllers/vaccinations_controller.php, line 90]
2011-02-23 18:17:05 Warning: Warning (2): implode() [<a href='http://php.net/function.implode'>function.implode</a>]: Bad arguments. in [/var/www/vhosts/sinapsescopio.es/httpdocs/proyectoVacunas/app/controllers/vaccinations_controller.php, line 88]
2011-02-23 18:17:05 Warning: Warning (2): implode() [<a href='http://php.net/function.implode'>function.implode</a>]: Bad arguments. in [/var/www/vhosts/sinapsescopio.es/httpdocs/proyectoVacunas/app/controllers/vaccinations_controller.php, line 90]
2011-02-23 19:15:24 Warning: Warning (2): implode() [<a href='http://php.net/function.implode'>function.implode</a>]: Bad arguments. in [/var/www/vhosts/sinapsescopio.es/httpdocs/proyectoVacunas/app/controllers/vaccinations_controller.php, line 198]
2011-02-23 19:15:24 Warning: Warning (2): implode() [<a href='http://php.net/function.implode'>function.implode</a>]: Bad arguments. in [/var/www/vhosts/sinapsescopio.es/httpdocs/proyectoVacunas/app/controllers/vaccinations_controller.php, line 199]
2011-02-23 19:16:56 Warning: Warning (2): implode() [<a href='http://php.net/function.implode'>function.implode</a>]: Bad arguments. in [/var/www/vhosts/sinapsescopio.es/httpdocs/proyectoVacunas/app/controllers/vaccinations_controller.php, line 198]
2011-02-23 19:16:56 Warning: Warning (2): implode() [<a href='http://php.net/function.implode'>function.implode</a>]: Bad arguments. in [/var/www/vhosts/sinapsescopio.es/httpdocs/proyectoVacunas/app/controllers/vaccinations_controller.php, line 199]
2011-02-23 19:17:08 Warning: Warning (2): implode() [<a href='http://php.net/function.implode'>function.implode</a>]: Bad arguments. in [/var/www/vhosts/sinapsescopio.es/httpdocs/proyectoVacunas/app/controllers/vaccinations_controller.php, line 198]
2011-02-23 19:17:08 Warning: Warning (2): implode() [<a href='http://php.net/function.implode'>function.implode</a>]: Bad arguments. in [/var/www/vhosts/sinapsescopio.es/httpdocs/proyectoVacunas/app/controllers/vaccinations_controller.php, line 199]
2011-02-23 19:17:19 Warning: Warning (2): implode() [<a href='http://php.net/function.implode'>function.implode</a>]: Bad arguments. in [/var/www/vhosts/sinapsescopio.es/httpdocs/proyectoVacunas/app/controllers/vaccinations_controller.php, line 198]
2011-02-23 19:17:19 Warning: Warning (2): implode() [<a href='http://php.net/function.implode'>function.implode</a>]: Bad arguments. in [/var/www/vhosts/sinapsescopio.es/httpdocs/proyectoVacunas/app/controllers/vaccinations_controller.php, line 199]
2011-02-23 19:19:22 Warning: Warning (2): implode() [<a href='http://php.net/function.implode'>function.implode</a>]: Bad arguments. in [/var/www/vhosts/sinapsescopio.es/httpdocs/proyectoVacunas/app/controllers/vaccinations_controller.php, line 198]
2011-02-23 19:19:22 Warning: Warning (2): implode() [<a href='http://php.net/function.implode'>function.implode</a>]: Bad arguments. in [/var/www/vhosts/sinapsescopio.es/httpdocs/proyectoVacunas/app/controllers/vaccinations_controller.php, line 199]
2011-02-23 19:19:31 Warning: Warning (2): implode() [<a href='http://php.net/function.implode'>function.implode</a>]: Bad arguments. in [/var/www/vhosts/sinapsescopio.es/httpdocs/proyectoVacunas/app/controllers/vaccinations_controller.php, line 198]
2011-02-23 19:19:31 Warning: Warning (2): implode() [<a href='http://php.net/function.implode'>function.implode</a>]: Bad arguments. in [/var/www/vhosts/sinapsescopio.es/httpdocs/proyectoVacunas/app/controllers/vaccinations_controller.php, line 199]
2013-07-22 10:11:20 Warning: Warning (2): mysql_connect() [<a href='http://php.net/function.mysql-connect'>function.mysql-connect</a>]: Access denied for user 'admin2'@'localhost' (using password: YES) in [/Applications/MAMP/htdocs/pVacunas2/cake/libs/model/datasources/dbo/dbo_mysql.php, line 552]
2013-07-22 10:11:20 Warning: Warning (2): mysql_select_db() expects parameter 2 to be resource, boolean given in [/Applications/MAMP/htdocs/pVacunas2/cake/libs/model/datasources/dbo/dbo_mysql.php, line 558]
2013-07-22 10:11:20 Warning: Warning (2): mysql_query() expects parameter 2 to be resource, boolean given in [/Applications/MAMP/htdocs/pVacunas2/cake/libs/model/datasources/dbo/dbo_mysql.php, line 600]
2013-07-22 10:11:20 Warning: Warning (2): mysql_get_server_info() expects parameter 1 to be resource, boolean given in [/Applications/MAMP/htdocs/pVacunas2/cake/libs/model/datasources/dbo/dbo_mysql.php, line 566]
2013-07-22 10:11:20 Warning: Warning (2): Cannot modify header information - headers already sent by (output started at /Applications/MAMP/htdocs/pVacunas2/cake/libs/debugger.php:673) in [/Applications/MAMP/htdocs/pVacunas2/cake/libs/controller/controller.php, line 746]
